<?xml version="1.0" encoding="UTF-8" ?>
<testsuite errors="0" failures="0" hostname="L-NDEB92CBH2" name="com.ebs.docker.bo.TestEmployeeService" skipped="0" tests="2" time="0.062" timestamp="2018-06-25T09:12:05">
  <properties>
[...]
</properties>
  <testcase classname="com.ebs.docker.bo.TestEmployeeService" name="testCalAnnualSal" time="0.001" />
  <testcase classname="com.ebs.docker.bo.TestEmployeeService" name="testCalAppraisal" time="0.0" />
  <system-out><![CDATA[]]></system-out>
  <system-err><![CDATA[]]></system-err>
</testsuite>
